<?xml version="1.0" encoding="UTF-8"?>
<!-- Generated by org.testng.reporters.JUnitXMLReporter -->
<testsuite ignored="0" hostname="DESKTOP-1OTRTVE" failures="0" tests="1" name="Test" time="0.334" errors="0" timestamp="2025-09-02T10:42:45 IST">
  <testcase classname="setupPage.browserSetup" name="@BeforeClass setup" time="0.017">
    <failure type="java.io.FileNotFoundException" message=".src\test\resources\config.properties (The system cannot find the path specified)">
      <![CDATA[java.io.FileNotFoundException: .src\test\resources\config.properties (The system cannot find the path specified)
at java.base/java.io.FileInputStream.open0(Native Method)
at java.base/java.io.FileInputStream.open(FileInputStream.java:213)
at java.base/java.io.FileInputStream.<init>(FileInputStream.java:152)
at java.base/java.io.FileInputStream.<init>(FileInputStream.java:106)
at java.base/java.io.FileReader.<init>(FileReader.java:60)
at setupPage.browserSetup.setup(browserSetup.java:37)
at java.base/java.util.ArrayList.forEach(ArrayList.java:1596)
... Removed 27 stack frames]]>
    </failure>
  </testcase> <!-- @BeforeClass setup -->
  <testcase classname="testcases.tutorsButton" name="TutorBtns" time="0.0">
    <skipped/>
  </testcase> <!-- TutorBtns -->
</testsuite> <!-- Test -->
