<?xml version="1.0" encoding="UTF-8"?>
<testng-results ignored="0" total="1" passed="1" failed="0" skipped="0">
  <reporter-output>
  </reporter-output>
  <suite started-at="2025-09-08T11:02:08 IST" name="Master Suite" finished-at="2025-09-08T11:02:22 IST" duration-ms="14450">
    <groups>
    </groups>
    <test started-at="2025-09-08T11:02:08 IST" name="Test" finished-at="2025-09-08T11:02:22 IST" duration-ms="14450">
      <class name="testcases.ForgotPasswordTest">
        <test-method is-config="true" signature="setup(java.lang.String)[pri:0, instance:testcases.ForgotPasswordTest@79924b]" started-at="2025-09-08T11:02:08 IST" name="setup" finished-at="2025-09-08T11:02:16 IST" duration-ms="8279" status="PASS">
          <params>
            <param index="0">
              <value>
                <![CDATA[chrome]]>
              </value>
            </param>
          </params>
          <reporter-output>
          </reporter-output>
        </test-method> <!-- setup -->
        <test-method signature="ForgotPasswordTestCase()[pri:0, instance:testcases.ForgotPasswordTest@79924b]" started-at="2025-09-08T11:02:16 IST" name="ForgotPasswordTestCase" finished-at="2025-09-08T11:02:22 IST" duration-ms="5746" status="PASS">
          <reporter-output>
          </reporter-output>
        </test-method> <!-- ForgotPasswordTestCase -->
      </class> <!-- testcases.ForgotPasswordTest -->
    </test> <!-- Test -->
  </suite> <!-- Master Suite -->
</testng-results>
