<?xml version="1.0" encoding="UTF-8"?>
<testng-results ignored="0" total="1" passed="1" failed="0" skipped="0">
  <reporter-output>
  </reporter-output>
  <suite started-at="2025-09-09T14:25:01 IST" name="Master Suite" finished-at="2025-09-09T14:25:28 IST" duration-ms="26668">
    <groups>
    </groups>
    <test started-at="2025-09-09T14:25:01 IST" name="Test" finished-at="2025-09-09T14:25:28 IST" duration-ms="26668">
      <class name="testcases.PersonalDetailsTest">
        <test-method is-config="true" signature="setup(java.lang.String)[pri:0, instance:testcases.PersonalDetailsTest@79924b]" started-at="2025-09-09T14:25:02 IST" name="setup" finished-at="2025-09-09T14:25:11 IST" duration-ms="9228" status="PASS">
          <params>
            <param index="0">
              <value>
                <![CDATA[chrome]]>
              </value>
            </param>
          </params>
          <reporter-output>
          </reporter-output>
        </test-method> <!-- setup -->
        <test-method signature="PersonalDetailsTCase()[pri:0, instance:testcases.PersonalDetailsTest@79924b]" started-at="2025-09-09T14:25:11 IST" name="PersonalDetailsTCase" finished-at="2025-09-09T14:25:28 IST" duration-ms="17003" status="PASS">
          <reporter-output>
          </reporter-output>
        </test-method> <!-- PersonalDetailsTCase -->
      </class> <!-- testcases.PersonalDetailsTest -->
    </test> <!-- Test -->
  </suite> <!-- Master Suite -->
</testng-results>
